# JRE version: OpenJDK Runtime Environment Temurin-21.0.10+7 (21.0.10+7) (build 21.0.10+7-LTS)
# Java VM: OpenJDK 64-Bit Server VM Temurin-21.0.10+7 (21.0.10+7-LTS, mixed mode, sharing, tiered, compressed oops, compressed class ptrs, parallel gc, windows-amd64)
GC Precious Log:
 CardTable entry size: 512
 CPUs: 8 total, 8 available
 Memory: 6057M
 Large Page Support: Disabled
 NUMA Support: Disabled
 Compressed Oops: Enabled (32-bit)
 Alignments: Space 512K, Generation 512K, Heap 2M
 Heap Min Capacity: 100M
 Heap Initial Capacity: 100M
 Heap Max Capacity: 2G
 Pre-touch: Disabled
 Parallel Workers: 8
Heap:
 PSYoungGen      total 10240K, used 9322K [0x00000000d5580000, 0x00000000d6180000, 0x0000000100000000)
  eden space 9728K, 93% used [0x00000000d5580000,0x00000000d5e62998,0x00000000d5f00000)
  from space 512K, 43% used [0x00000000d6100000,0x00000000d6138000,0x00000000d6180000)
  to   space 512K, 0% used [0x00000000d6080000,0x00000000d6080000,0x00000000d6100000)
 ParOldGen       total 165888K, used 138611K [0x0000000080000000, 0x000000008a200000, 0x00000000d5580000)
  object space 165888K, 83% used [0x0000000080000000,0x000000008875cc58,0x000000008a200000)
 Metaspace       used 75678K, committed 77376K, reserved 1179648K
  class space    used 7865K, committed 8576K, reserved 1048576K
GC Heap History (20 events):
Event: 12213.179 GC heap before
{Heap before GC invocations=116 (full 3):
 PSYoungGen      total 10240K, used 10228K [0x00000000d5580000, 0x00000000d6300000, 0x0000000100000000)
  eden space 9728K, 99% used [0x00000000d5580000,0x00000000d5efffd8,0x00000000d5f00000)
  from space 512K, 97% used [0x00000000d6100000,0x00000000d617d200,0x00000000d6180000)
  to   space 2048K, 0% used [0x00000000d5f00000,0x00000000d5f00000,0x00000000d6100000)
 ParOldGen       total 165888K, used 129921K [0x0000000080000000, 0x000000008a200000, 0x00000000d5580000)
  object space 165888K, 78% used [0x0000000080000000,0x0000000087ee0450,0x000000008a200000)
 Metaspace       used 73535K, committed 75200K, reserved 1179648K
  class space    used 7655K, committed 8320K, reserved 1048576K
}
Event: 12213.186 GC heap after
{Heap after GC invocations=116 (full 3):
 PSYoungGen      total 11264K, used 1268K [0x00000000d5580000, 0x00000000d6200000, 0x0000000100000000)
  eden space 9728K, 0% used [0x00000000d5580000,0x00000000d5580000,0x00000000d5f00000)
  from space 1536K, 82% used [0x00000000d5f00000,0x00000000d603d260,0x00000000d6080000)
  to   space 1536K, 0% used [0x00000000d6080000,0x00000000d6080000,0x00000000d6200000)
 ParOldGen       total 165888K, used 130447K [0x0000000080000000, 0x000000008a200000, 0x00000000d5580000)
  object space 165888K, 78% used [0x0000000080000000,0x0000000087f63e70,0x000000008a200000)
 Metaspace       used 73535K, committed 75200K, reserved 1179648K
  class space    used 7655K, committed 8320K, reserved 1048576K
}
Event: 12213.815 GC heap before
{Heap before GC invocations=117 (full 3):
 PSYoungGen      total 11264K, used 10996K [0x00000000d5580000, 0x00000000d6200000, 0x0000000100000000)
  eden space 9728K, 100% used [0x00000000d5580000,0x00000000d5f00000,0x00000000d5f00000)
  from space 1536K, 82% used [0x00000000d5f00000,0x00000000d603d260,0x00000000d6080000)
  to   space 1536K, 0% used [0x00000000d6080000,0x00000000d6080000,0x00000000d6200000)
 ParOldGen       total 165888K, used 130447K [0x0000000080000000, 0x000000008a200000, 0x00000000d5580000)
  object space 165888K, 78% used [0x0000000080000000,0x0000000087f63e70,0x000000008a200000)
 Metaspace       used 73675K, committed 75328K, reserved 1179648K
  class space    used 7656K, committed 8320K, reserved 1048576K
}
Event: 12213.826 GC heap after
{Heap after GC invocations=117 (full 3):
 PSYoungGen      total 11264K, used 1332K [0x00000000d5580000, 0x00000000d6200000, 0x0000000100000000)
  eden space 9728K, 0% used [0x00000000d5580000,0x00000000d5580000,0x00000000d5f00000)
  from space 1536K, 86% used [0x00000000d6080000,0x00000000d61cd220,0x00000000d6200000)
  to   space 1536K, 0% used [0x00000000d5f00000,0x00000000d5f00000,0x00000000d6080000)
 ParOldGen       total 165888K, used 131504K [0x0000000080000000, 0x000000008a200000, 0x00000000d5580000)
  object space 165888K, 79% used [0x0000000080000000,0x000000008806c380,0x000000008a200000)
 Metaspace       used 73675K, committed 75328K, reserved 1179648K
  class space    used 7656K, committed 8320K, reserved 1048576K
}
Event: 12217.008 GC heap before
{Heap before GC invocations=118 (full 3):
 PSYoungGen      total 11264K, used 11060K [0x00000000d5580000, 0x00000000d6200000, 0x0000000100000000)
  eden space 9728K, 99% used [0x00000000d5580000,0x00000000d5efffe8,0x00000000d5f00000)
  from space 1536K, 86% used [0x00000000d6080000,0x00000000d61cd220,0x00000000d6200000)
  to   space 1536K, 0% used [0x00000000d5f00000,0x00000000d5f00000,0x00000000d6080000)
 ParOldGen       total 165888K, used 131504K [0x0000000080000000, 0x000000008a200000, 0x00000000d5580000)
  object space 165888K, 79% used [0x0000000080000000,0x000000008806c380,0x000000008a200000)
 Metaspace       used 73786K, committed 75456K, reserved 1179648K
  class space    used 7665K, committed 8384K, reserved 1048576K
}
Event: 12217.015 GC heap after
{Heap after GC invocations=118 (full 3):
 PSYoungGen      total 11264K, used 1290K [0x00000000d5580000, 0x00000000d6200000, 0x0000000100000000)
  eden space 9728K, 0% used [0x00000000d5580000,0x00000000d5580000,0x00000000d5f00000)
  from space 1536K, 83% used [0x00000000d5f00000,0x00000000d60428f0,0x00000000d6080000)
  to   space 1536K, 0% used [0x00000000d6080000,0x00000000d6080000,0x00000000d6200000)
 ParOldGen       total 165888K, used 132688K [0x0000000080000000, 0x000000008a200000, 0x00000000d5580000)
  object space 165888K, 79% used [0x0000000080000000,0x0000000088194140,0x000000008a200000)
 Metaspace       used 73786K, committed 75456K, reserved 1179648K
  class space    used 7665K, committed 8384K, reserved 1048576K
}
Event: 12217.707 GC heap before
{Heap before GC invocations=119 (full 3):
 PSYoungGen      total 11264K, used 11018K [0x00000000d5580000, 0x00000000d6200000, 0x0000000100000000)
  eden space 9728K, 100% used [0x00000000d5580000,0x00000000d5f00000,0x00000000d5f00000)
  from space 1536K, 83% used [0x00000000d5f00000,0x00000000d60428f0,0x00000000d6080000)
  to   space 1536K, 0% used [0x00000000d6080000,0x00000000d6080000,0x00000000d6200000)
 ParOldGen       total 165888K, used 132688K [0x0000000080000000, 0x000000008a200000, 0x00000000d5580000)
  object space 165888K, 79% used [0x0000000080000000,0x0000000088194140,0x000000008a200000)
 Metaspace       used 73877K, committed 75584K, reserved 1179648K
  class space    used 7669K, committed 8384K, reserved 1048576K
}
Event: 12217.713 GC heap after
{Heap after GC invocations=119 (full 3):
 PSYoungGen      total 11264K, used 928K [0x00000000d5580000, 0x00000000d6200000, 0x0000000100000000)
  eden space 9728K, 0% used [0x00000000d5580000,0x00000000d5580000,0x00000000d5f00000)
  from space 1536K, 60% used [0x00000000d6080000,0x00000000d6168020,0x00000000d6200000)
  to   space 1536K, 0% used [0x00000000d5f00000,0x00000000d5f00000,0x00000000d6080000)
 ParOldGen       total 165888K, used 133717K [0x0000000080000000, 0x000000008a200000, 0x00000000d5580000)
  object space 165888K, 80% used [0x0000000080000000,0x0000000088295798,0x000000008a200000)
 Metaspace       used 73877K, committed 75584K, reserved 1179648K
  class space    used 7669K, committed 8384K, reserved 1048576K
}
Event: 12218.927 GC heap before
{Heap before GC invocations=120 (full 3):
 PSYoungGen      total 11264K, used 10656K [0x00000000d5580000, 0x00000000d6200000, 0x0000000100000000)
  eden space 9728K, 99% used [0x00000000d5580000,0x00000000d5effff8,0x00000000d5f00000)
  from space 1536K, 60% used [0x00000000d6080000,0x00000000d6168020,0x00000000d6200000)
  to   space 1536K, 0% used [0x00000000d5f00000,0x00000000d5f00000,0x00000000d6080000)
 ParOldGen       total 165888K, used 133717K [0x0000000080000000, 0x000000008a200000, 0x00000000d5580000)
  object space 165888K, 80% used [0x0000000080000000,0x0000000088295798,0x000000008a200000)
 Metaspace       used 73978K, committed 75648K, reserved 1179648K
  class space    used 7677K, committed 8384K, reserved 1048576K
}
Event: 12218.933 GC heap after
{Heap after GC invocations=120 (full 3):
 PSYoungGen      total 11264K, used 1512K [0x00000000d5580000, 0x00000000d6500000, 0x0000000100000000)
  eden space 9728K, 0% used [0x00000000d5580000,0x00000000d5580000,0x00000000d5f00000)
  from space 1536K, 98% used [0x00000000d5f00000,0x00000000d607a188,0x00000000d6080000)
  to   space 3072K, 0% used [0x00000000d6200000,0x00000000d6200000,0x00000000d6500000)
 ParOldGen       total 165888K, used 134550K [0x0000000080000000, 0x000000008a200000, 0x00000000d5580000)
  object space 165888K, 81% used [0x0000000080000000,0x0000000088365910,0x000000008a200000)
 Metaspace       used 73978K, committed 75648K, reserved 1179648K
  class space    used 7677K, committed 8384K, reserved 1048576K
}
Event: 12219.129 GC heap before
{Heap before GC invocations=121 (full 3):
 PSYoungGen      total 11264K, used 11240K [0x00000000d5580000, 0x00000000d6500000, 0x0000000100000000)
  eden space 9728K, 100% used [0x00000000d5580000,0x00000000d5f00000,0x00000000d5f00000)
  from space 1536K, 98% used [0x00000000d5f00000,0x00000000d607a188,0x00000000d6080000)
  to   space 3072K, 0% used [0x00000000d6200000,0x00000000d6200000,0x00000000d6500000)
 ParOldGen       total 165888K, used 134550K [0x0000000080000000, 0x000000008a200000, 0x00000000d5580000)
  object space 165888K, 81% used [0x0000000080000000,0x0000000088365910,0x000000008a200000)
 Metaspace       used 74028K, committed 75712K, reserved 1179648K
  class space    used 7681K, committed 8384K, reserved 1048576K
}
Event: 12219.138 GC heap after
{Heap after GC invocations=121 (full 3):
 PSYoungGen      total 10752K, used 960K [0x00000000d5580000, 0x00000000d6300000, 0x0000000100000000)
  eden space 9728K, 0% used [0x00000000d5580000,0x00000000d5580000,0x00000000d5f00000)
  from space 1024K, 93% used [0x00000000d6200000,0x00000000d62f0020,0x00000000d6300000)
  to   space 1536K, 0% used [0x00000000d6000000,0x00000000d6000000,0x00000000d6180000)
 ParOldGen       total 165888K, used 135973K [0x0000000080000000, 0x000000008a200000, 0x00000000d5580000)
  object space 165888K, 81% used [0x0000000080000000,0x00000000884c9490,0x000000008a200000)
 Metaspace       used 74028K, committed 75712K, reserved 1179648K
  class space    used 7681K, committed 8384K, reserved 1048576K
}
Event: 12219.370 GC heap before
{Heap before GC invocations=122 (full 3):
 PSYoungGen      total 10752K, used 10688K [0x00000000d5580000, 0x00000000d6300000, 0x0000000100000000)
  eden space 9728K, 100% used [0x00000000d5580000,0x00000000d5f00000,0x00000000d5f00000)
  from space 1024K, 93% used [0x00000000d6200000,0x00000000d62f0020,0x00000000d6300000)
  to   space 1536K, 0% used [0x00000000d6000000,0x00000000d6000000,0x00000000d6180000)
 ParOldGen       total 165888K, used 135973K [0x0000000080000000, 0x000000008a200000, 0x00000000d5580000)
  object space 165888K, 81% used [0x0000000080000000,0x00000000884c9490,0x000000008a200000)
 Metaspace       used 74111K, committed 75776K, reserved 1179648K
  class space    used 7682K, committed 8384K, reserved 1048576K
}
Event: 12219.376 GC heap after
{Heap after GC invocations=122 (full 3):
 PSYoungGen      total 11264K, used 1284K [0x00000000d5580000, 0x00000000d6280000, 0x0000000100000000)
  eden space 9728K, 0% used [0x00000000d5580000,0x00000000d5580000,0x00000000d5f00000)
  from space 1536K, 83% used [0x00000000d6000000,0x00000000d6141230,0x00000000d6180000)
  to   space 1024K, 0% used [0x00000000d6180000,0x00000000d6180000,0x00000000d6280000)
 ParOldGen       total 165888K, used 136757K [0x0000000080000000, 0x000000008a200000, 0x00000000d5580000)
  object space 165888K, 82% used [0x0000000080000000,0x000000008858d7b8,0x000000008a200000)
 Metaspace       used 74111K, committed 75776K, reserved 1179648K
  class space    used 7682K, committed 8384K, reserved 1048576K
}
Event: 12224.989 GC heap before
{Heap before GC invocations=123 (full 3):
 PSYoungGen      total 11264K, used 11012K [0x00000000d5580000, 0x00000000d6280000, 0x0000000100000000)
  eden space 9728K, 100% used [0x00000000d5580000,0x00000000d5f00000,0x00000000d5f00000)
  from space 1536K, 83% used [0x00000000d6000000,0x00000000d6141230,0x00000000d6180000)
  to   space 1024K, 0% used [0x00000000d6180000,0x00000000d6180000,0x00000000d6280000)
 ParOldGen       total 165888K, used 136757K [0x0000000080000000, 0x000000008a200000, 0x00000000d5580000)
  object space 165888K, 82% used [0x0000000080000000,0x000000008858d7b8,0x000000008a200000)
 Metaspace       used 74672K, committed 76352K, reserved 1179648K
  class space    used 7770K, committed 8448K, reserved 1048576K
}
Event: 12224.996 GC heap after
{Heap after GC invocations=123 (full 3):
 PSYoungGen      total 10240K, used 480K [0x00000000d5580000, 0x00000000d6200000, 0x0000000100000000)
  eden space 9728K, 0% used [0x00000000d5580000,0x00000000d5580000,0x00000000d5f00000)
  from space 512K, 93% used [0x00000000d6180000,0x00000000d61f8000,0x00000000d6200000)
  to   space 1024K, 0% used [0x00000000d6000000,0x00000000d6000000,0x00000000d6100000)
 ParOldGen       total 165888K, used 137885K [0x0000000080000000, 0x000000008a200000, 0x00000000d5580000)
  object space 165888K, 83% used [0x0000000080000000,0x00000000886a7520,0x000000008a200000)
 Metaspace       used 74672K, committed 76352K, reserved 1179648K
  class space    used 7770K, committed 8448K, reserved 1048576K
}
Event: 12228.065 GC heap before
{Heap before GC invocations=124 (full 3):
 PSYoungGen      total 10240K, used 10208K [0x00000000d5580000, 0x00000000d6200000, 0x0000000100000000)
  eden space 9728K, 100% used [0x00000000d5580000,0x00000000d5f00000,0x00000000d5f00000)
  from space 512K, 93% used [0x00000000d6180000,0x00000000d61f8000,0x00000000d6200000)
  to   space 1024K, 0% used [0x00000000d6000000,0x00000000d6000000,0x00000000d6100000)
 ParOldGen       total 165888K, used 137885K [0x0000000080000000, 0x000000008a200000, 0x00000000d5580000)
  object space 165888K, 83% used [0x0000000080000000,0x00000000886a7520,0x000000008a200000)
 Metaspace       used 75557K, committed 77248K, reserved 1179648K
  class space    used 7865K, committed 8576K, reserved 1048576K
}
Event: 12228.068 GC heap after
{Heap after GC invocations=124 (full 3):
 PSYoungGen      total 10752K, used 480K [0x00000000d5580000, 0x00000000d6200000, 0x0000000100000000)
  eden space 9728K, 0% used [0x00000000d5580000,0x00000000d5580000,0x00000000d5f00000)
  from space 1024K, 46% used [0x00000000d6000000,0x00000000d6078000,0x00000000d6100000)
  to   space 1024K, 0% used [0x00000000d6100000,0x00000000d6100000,0x00000000d6200000)
 ParOldGen       total 165888K, used 138235K [0x0000000080000000, 0x000000008a200000, 0x00000000d5580000)
  object space 165888K, 83% used [0x0000000080000000,0x00000000886fec58,0x000000008a200000)
 Metaspace       used 75557K, committed 77248K, reserved 1179648K
  class space    used 7865K, committed 8576K, reserved 1048576K
}
Event: 12232.065 GC heap before
{Heap before GC invocations=125 (full 3):
 PSYoungGen      total 10752K, used 10208K [0x00000000d5580000, 0x00000000d6200000, 0x0000000100000000)
  eden space 9728K, 100% used [0x00000000d5580000,0x00000000d5f00000,0x00000000d5f00000)
  from space 1024K, 46% used [0x00000000d6000000,0x00000000d6078000,0x00000000d6100000)
  to   space 1024K, 0% used [0x00000000d6100000,0x00000000d6100000,0x00000000d6200000)
 ParOldGen       total 165888K, used 138235K [0x0000000080000000, 0x000000008a200000, 0x00000000d5580000)
  object space 165888K, 83% used [0x0000000080000000,0x00000000886fec58,0x000000008a200000)
 Metaspace       used 75586K, committed 77248K, reserved 1179648K
  class space    used 7865K, committed 8576K, reserved 1048576K
}
Event: 12232.067 GC heap after
{Heap after GC invocations=125 (full 3):
 PSYoungGen      total 10240K, used 224K [0x00000000d5580000, 0x00000000d6180000, 0x0000000100000000)
  eden space 9728K, 0% used [0x00000000d5580000,0x00000000d5580000,0x00000000d5f00000)
  from space 512K, 43% used [0x00000000d6100000,0x00000000d6138000,0x00000000d6180000)
  to   space 512K, 0% used [0x00000000d6080000,0x00000000d6080000,0x00000000d6100000)
 ParOldGen       total 165888K, used 138611K [0x0000000080000000, 0x000000008a200000, 0x00000000d5580000)
  object space 165888K, 83% used [0x0000000080000000,0x000000008875cc58,0x000000008a200000)
 Metaspace       used 75586K, committed 77248K, reserved 1179648K
  class space    used 7865K, committed 8576K, reserved 1048576K
}

